Build started 11.1.2016 г. 02:49:12 ч..
     1>Project "C:\Users\ivan\Documents\Visual Studio 2013\Projects\SDP_dom_4\SDP_dom_4\SDP_dom_4.vcxproj" on node 2 (Build target(s)).
     1>ClCompile:
         C:\Program Files (x86)\Microsoft Visual Studio 12.0\VC\bin\CL.exe /c /ZI /nologo /W3 /WX- /Od /Oy- /D WIN32 /D _DEBUG /D _WINDOWS /D _USRDLL /D SDP_DOM_4_EXPORTS /D _WINDLL /D _UNICODE /D UNICODE /Gm /EHsc /RTC1 /MDd /GS /fp:precise /Zc:wchar_t /Zc:forScope /Fo"Debug\\" /Fd"Debug\vc120.pdb" /Gd /TP /analyze- /errorReport:prompt Tree.cpp main.cpp
         Tree.cpp
     1>c:\program files (x86)\microsoft visual studio 12.0\vc\include\xutility(690): warning C4244: 'argument' : conversion from 'double' to '__w64 int', possible loss of data
                 c:\program files (x86)\microsoft visual studio 12.0\vc\include\xutility(697) : see reference to function template instantiation 'void std::_Advance<_InIt,_Diff>(_RanIt &,_Diff,std::random_access_iterator_tag)' being compiled
                 with
                 [
                     _InIt=std::_String_iterator<std::_String_val<std::_Simple_types<char>>>
         ,            _Diff=double
         ,            _RanIt=std::_String_iterator<std::_String_val<std::_Simple_types<char>>>
                 ]
                 c:\users\ivan\documents\visual studio 2013\projects\sdp_dom_4\sdp_dom_4\tree.cpp(75) : see reference to function template instantiation 'void std::advance<std::_String_iterator<std::_String_val<std::_Simple_types<char>>>,double>(_InIt &,_Diff)' being compiled
                 with
                 [
                     _InIt=std::_String_iterator<std::_String_val<std::_Simple_types<char>>>
         ,            _Diff=double
                 ]
         Generating Code...
         Compiling...
         main.cpp
         Generating Code...
       Link:
         C:\Program Files (x86)\Microsoft Visual Studio 12.0\VC\bin\link.exe /ERRORREPORT:PROMPT /OUT:"C:\Users\ivan\Documents\Visual Studio 2013\Projects\SDP_dom_4\Debug\SDP_dom_4.dll" /INCREMENTAL /NOLOGO kernel32.lib user32.lib gdi32.lib winspool.lib comdlg32.lib advapi32.lib shell32.lib ole32.lib oleaut32.lib uuid.lib odbc32.lib odbccp32.lib /MANIFEST /MANIFESTUAC:"level='asInvoker' uiAccess='false'" /manifest:embed /DEBUG /PDB:"C:\Users\ivan\Documents\Visual Studio 2013\Projects\SDP_dom_4\Debug\SDP_dom_4.pdb" /SUBSYSTEM:WINDOWS /TLBID:1 /DYNAMICBASE /NXCOMPAT /IMPLIB:"C:\Users\ivan\Documents\Visual Studio 2013\Projects\SDP_dom_4\Debug\SDP_dom_4.lib" /MACHINE:X86 /DLL Debug\main.obj
         Debug\Tree.obj
            Creating library C:\Users\ivan\Documents\Visual Studio 2013\Projects\SDP_dom_4\Debug\SDP_dom_4.lib and object C:\Users\ivan\Documents\Visual Studio 2013\Projects\SDP_dom_4\Debug\SDP_dom_4.exp
         SDP_dom_4.vcxproj -> C:\Users\ivan\Documents\Visual Studio 2013\Projects\SDP_dom_4\Debug\SDP_dom_4.dll
     1>Done Building Project "C:\Users\ivan\Documents\Visual Studio 2013\Projects\SDP_dom_4\SDP_dom_4\SDP_dom_4.vcxproj" (Build target(s)).

Build succeeded.

Time Elapsed 00:00:01.26
